#
# There is insufficient memory for the Java Runtime Environment to continue.
# Native memory allocation (malloc) failed to allocate 1048576 bytes for AllocateHeap
# Possible reasons:
#   The system is out of physical RAM or swap space
#   The process is running with CompressedOops enabled, and the Java Heap may be blocking the growth of the native heap
# Possible solutions:
#   Reduce memory load on the system
#   Increase physical memory or swap space
#   Check if swap backing store is full
#   Decrease Java heap size (-Xmx/-Xms)
#   Decrease number of Java threads
#   Decrease Java thread stack sizes (-Xss)
#   Set larger code cache with -XX:ReservedCodeCacheSize=
#   JVM is running with Unscaled Compressed Oops mode in which the Java heap is
#     placed in the first 4GB address space. The Java Heap base address is the
#     maximum limit for the native heap growth. Please use -XX:HeapBaseMinAddress
#     to set the Java Heap base and to place the Java Heap above 4GB virtual address.
# This output file may be truncated or incomplete.
#
#  Out of Memory Error (memory/allocation.inline.hpp:61), pid=14380, tid=0x00000000000008e8
#
# JRE version:  (8.0_241-b07) (build )
# Java VM: Java HotSpot(TM) 64-Bit Server VM (25.241-b07 mixed mode windows-amd64 compressed oops)
# Failed to write core dump. Minidumps are not enabled by default on client versions of Windows
#

---------------  T H R E A D  ---------------

Current thread (0x000000000321a000):  JavaThread "Unknown thread" [_thread_in_vm, id=2280, stack(0x0000000003110000,0x0000000003210000)]

Stack: [0x0000000003110000,0x0000000003210000]
[error occurred during error reporting (printing stack bounds), id 0xc0000005]

Native frames: (J=compiled Java code, j=interpreted, Vv=VM code, C=native code)


---------------  P R O C E S S  ---------------

Java Threads: ( => current thread )

Other Threads:

=>0x000000000321a000 (exited) JavaThread "Unknown thread" [_thread_in_vm, id=2280, stack(0x0000000003110000,0x0000000003210000)]

VM state:not at safepoint (normal execution)

VM Mutex/Monitor currently owned by a thread: None

heap address: 0x0000000081600000, size: 2026 MB, Compressed Oops mode: 32-bit
Narrow klass base: 0x0000000000000000, Narrow klass shift: 3
Compressed class space size: 1073741824 Address: 0x0000000100000000

Heap:
 PSYoungGen      total 38400K, used 665K [0x00000000d5d00000, 0x00000000d8780000, 0x0000000100000000)
  eden space 33280K, 2% used [0x00000000d5d00000,0x00000000d5da6670,0x00000000d7d80000)
  from space 5120K, 0% used [0x00000000d8280000,0x00000000d8280000,0x00000000d8780000)
  to   space 5120K, 0% used [0x00000000d7d80000,0x00000000d7d80000,0x00000000d8280000)
 ParOldGen       total 87552K, used 0K [0x0000000081600000, 0x0000000086b80000, 0x00000000d5d00000)
  object space 87552K, 0% used [0x0000000081600000,0x0000000081600000,0x0000000086b80000)
 Metaspace       used 776K, capacity 4480K, committed 4480K, reserved 1056768K
  class space    used 76K, capacity 384K, committed 384K, reserved 1048576K

Card table byte_map: [0x0000000012850000,0x0000000012c50000] byte_map_base: 0x0000000012445000

Marking Bits: (ParMarkBitMap*) 0x0000000077b4be30
 Begin Bits: [0x0000000013300000, 0x00000000152a8000)
 End Bits:   [0x00000000152a8000, 0x0000000017250000)

Polling page: 0x00000000030a0000

CodeCache: size=245760Kb used=328Kb max_used=328Kb free=245431Kb
 bounds [0x0000000003490000, 0x0000000003700000, 0x0000000012490000]
 total_blobs=58 nmethods=0 adapters=38
 compilation: enabled

Compilation events (0 events):
No events

GC Heap History (0 events):
No events

Deoptimization events (0 events):
No events

Classes redefined (0 events):
No events

Internal exceptions (0 events):
No events

Events (10 events):
Event: 0.036 loading class java/lang/Short
Event: 0.036 loading class java/lang/Short done
Event: 0.036 loading class java/lang/Integer
Event: 0.036 loading class java/lang/Integer done
Event: 0.036 loading class java/lang/Long
Event: 0.036 loading class java/lang/Long done
Event: 0.037 loading class java/lang/NullPointerException
Event: 0.037 loading class java/lang/NullPointerException done
Event: 0.037 loading class java/lang/ArithmeticException
Event: 0.037 loading class java/lang/ArithmeticException done


Dynamic libraries:
0x00007ff7aa070000 - 0x00007ff7aa0a7000 	D:\CodeTools\Java\jdk1.8.0_241\bin\java.exe
0x00007fff08920000 - 0x00007fff08b10000 	C:\Windows\SYSTEM32\ntdll.dll
0x00007fff06fb0000 - 0x00007fff07062000 	C:\Windows\System32\KERNEL32.DLL
0x00007fff06720000 - 0x00007fff069c3000 	C:\Windows\System32\KERNELBASE.dll
0x00007fff06be0000 - 0x00007fff06c83000 	C:\Windows\System32\ADVAPI32.dll
0x00007fff087d0000 - 0x00007fff0886e000 	C:\Windows\System32\msvcrt.dll
0x00007fff06f10000 - 0x00007fff06fa7000 	C:\Windows\System32\sechost.dll
0x00007fff06d70000 - 0x00007fff06e90000 	C:\Windows\System32\RPCRT4.dll
0x00007fff075f0000 - 0x00007fff07784000 	C:\Windows\System32\USER32.dll
0x00007fff06550000 - 0x00007fff06571000 	C:\Windows\System32\win32u.dll
0x00007fff07160000 - 0x00007fff07186000 	C:\Windows\System32\GDI32.dll
0x00007fff06580000 - 0x00007fff06714000 	C:\Windows\System32\gdi32full.dll
0x00007fff05d00000 - 0x00007fff05d9e000 	C:\Windows\System32\msvcp_win.dll
0x00007fff05bb0000 - 0x00007fff05caa000 	C:\Windows\System32\ucrtbase.dll
0x00007ffef5f20000 - 0x00007ffef61a5000 	C:\Windows\WinSxS\amd64_microsoft.windows.common-controls_6595b64144ccf1df_6.0.18362.720_none_e6beb5c51314836b\COMCTL32.dll
0x00007fff077f0000 - 0x00007fff07b26000 	C:\Windows\System32\combase.dll
0x00007fff058b0000 - 0x00007fff05930000 	C:\Windows\System32\bcryptPrimitives.dll
0x00007fff07b40000 - 0x00007fff07b6e000 	C:\Windows\System32\IMM32.DLL
0x00000000507e0000 - 0x00000000508b2000 	D:\CodeTools\Java\jdk1.8.0_241\jre\bin\msvcr100.dll
0x0000000077320000 - 0x0000000077bcc000 	D:\CodeTools\Java\jdk1.8.0_241\jre\bin\server\jvm.dll
0x00007fff06c90000 - 0x00007fff06c98000 	C:\Windows\System32\PSAPI.DLL
0x00007ffef9b80000 - 0x00007ffef9b89000 	C:\Windows\SYSTEM32\WSOCK32.dll
0x00007fff070f0000 - 0x00007fff0715f000 	C:\Windows\System32\WS2_32.dll
0x00007fff03300000 - 0x00007fff03324000 	C:\Windows\SYSTEM32\WINMM.dll
0x00007fff01000000 - 0x00007fff0100a000 	C:\Windows\SYSTEM32\VERSION.dll
0x00007fff03190000 - 0x00007fff031bd000 	C:\Windows\SYSTEM32\WINMMBASE.dll
0x00007fff05cb0000 - 0x00007fff05cfa000 	C:\Windows\System32\cfgmgr32.dll
0x00007ffef10b0000 - 0x00007ffef10bf000 	D:\CodeTools\Java\jdk1.8.0_241\jre\bin\verify.dll
0x00007ffef1080000 - 0x00007ffef10a9000 	D:\CodeTools\Java\jdk1.8.0_241\jre\bin\java.dll
0x00007ffefea00000 - 0x00007ffefea23000 	D:\CodeTools\Java\jdk1.8.0_241\jre\bin\instrument.dll
0x00007ffef1060000 - 0x00007ffef1076000 	D:\CodeTools\Java\jdk1.8.0_241\jre\bin\zip.dll

VM Arguments:
jvm_args: -XX:TieredStopAtLevel=1 -Xverify:none -Dspring.output.ansi.enabled=always -Dcom.sun.management.jmxremote -Dspring.jmx.enabled=true -Dspring.liveBeansView.mbeanDomain -Dspring.application.admin.enabled=true -javaagent:D:\CodeTools\IntelliJ IDEA 2019.3.2\lib\idea_rt.jar=52011:D:\CodeTools\IntelliJ IDEA 2019.3.2\bin -Dfile.encoding=UTF-8 
java_command: com.springcloud.OrderNacosMain84
java_class_path (initial): D:\CodeTools\Java\jdk1.8.0_241\jre\lib\charsets.jar;D:\CodeTools\Java\jdk1.8.0_241\jre\lib\deploy.jar;D:\CodeTools\Java\jdk1.8.0_241\jre\lib\ext\access-bridge-64.jar;D:\CodeTools\Java\jdk1.8.0_241\jre\lib\ext\cldrdata.jar;D:\CodeTools\Java\jdk1.8.0_241\jre\lib\ext\dnsns.jar;D:\CodeTools\Java\jdk1.8.0_241\jre\lib\ext\jaccess.jar;D:\CodeTools\Java\jdk1.8.0_241\jre\lib\ext\jfxrt.jar;D:\CodeTools\Java\jdk1.8.0_241\jre\lib\ext\localedata.jar;D:\CodeTools\Java\jdk1.8.0_241\jre\lib\ext\nashorn.jar;D:\CodeTools\Java\jdk1.8.0_241\jre\lib\ext\sunec.jar;D:\CodeTools\Java\jdk1.8.0_241\jre\lib\ext\sunjce_provider.jar;D:\CodeTools\Java\jdk1.8.0_241\jre\lib\ext\sunmscapi.jar;D:\CodeTools\Java\jdk1.8.0_241\jre\lib\ext\sunpkcs11.jar;D:\CodeTools\Java\jdk1.8.0_241\jre\lib\ext\zipfs.jar;D:\CodeTools\Java\jdk1.8.0_241\jre\lib\javaws.jar;D:\CodeTools\Java\jdk1.8.0_241\jre\lib\jce.jar;D:\CodeTools\Java\jdk1.8.0_241\jre\lib\jfr.jar;D:\CodeTools\Java\jdk1.8.0_241\jre\lib\jfxswt.jar;D:\CodeTools\Java\jdk1.8.0_241\jre\lib\jsse.jar;D:\CodeTools\Java\jdk1.8.0_241\jre\lib\management-agent.jar;D:\CodeTools\Java\jdk1.8.0_241\jre\lib\plugin.jar;D:\CodeTools\Java\jdk1.8.0_241\jre\lib\resources.jar;D:\CodeTools\Java\jdk1.8.0_241\jre\lib\rt.jar;D:\CodeHub\IJ-Project\SpringCloud2020\cloudalibaba-consumer-nacos-order84\target\classes;D:\CodeTools\apache-maven-3.6.3\repository\com\alibaba\cloud\spring-cloud-starter-alibaba-sentinel\2.1.0.RELEASE\spring-cloud-starter-alibaba-sentinel-2.1.0.RELEASE.jar;D:\CodeTools\apache-maven-3.6.3\repository\com\alibaba\cloud\spring-cloud-alibaba-sentinel\2.1.0.RELEASE\spring-cloud-alibaba-sentinel-2.1.0.RELEASE.jar;D:\CodeTools\apache-maven-3.6.3\repository\com\alibaba\csp\sentinel-transport-simple-http\1.6.3\sentinel-transport-simple-http-1.6.3.jar;D:\CodeTools\apache-maven-3.6.3\repository\com\alibaba\csp\sentinel-transport-common\1.6.3\sentinel-transport-common-1.6.3.jar;D:\CodeTools\apache-maven-3.6.3\repository\com\alibaba\csp\sentine
Launcher Type: SUN_STANDARD

Environment Variables:
JAVA_HOME=D:\CodeTools\Java\jdk1.8.0_241
PATH=D:\CodeTools\NetSarang\Xftp 6\;D:\CodeTools\NetSarang\Xshell 6\;C:\Program Files (x86)\Common Files\Oracle\Java\javapath;C:\Windows\system32;C:\Windows;C:\Windows\System32\Wbem;C:\Windows\System32\WindowsPowerShell\v1.0\;C:\Windows\System32\OpenSSH\;C:\Program Files (x86)\NVIDIA Corporation\PhysX\Common;D:\CodeTools\go1.13.7\bin;D:\CodeTools\Java\jdk1.8.0_241\bin;D:\CodeTools\MySQL\MySQL Server 5.5\bin;D:\CodeTools\nodejs\;D:\CodeTools\Python38\Scripts\;D:\CodeTools\Python38\;C:\Users\79949\AppData\Local\Microsoft\WindowsApps;D:\CodeTools\Microsoft VS Code\bin;D:\CodeTools\IntelliJ IDEA 2019.3.2\bin;;D:\CodeTools\PyCharm 2019.3.2\bin;;C:\Users\79949\AppData\Roaming\npm
USERNAME=79949
OS=Windows_NT
PROCESSOR_IDENTIFIER=Intel64 Family 6 Model 60 Stepping 3, GenuineIntel



---------------  S Y S T E M  ---------------

OS: Windows 10.0 , 64 bit Build 18362 (10.0.18362.329)

CPU:total 4 (initial active 4) (2 cores per cpu, 2 threads per core) family 6 model 60 stepping 3, cmov, cx8, fxsr, mmx, sse, sse2, sse3, ssse3, sse4.1, sse4.2, popcnt, avx, avx2, aes, clmul, erms, lzcnt, ht, tsc, tscinvbit, bmi1, bmi2

Memory: 4k page, physical 8296452k(677864k free), swap 15247744k(10024k free)

vm_info: Java HotSpot(TM) 64-Bit Server VM (25.241-b07) for windows-amd64 JRE (1.8.0_241-b07), built on Dec 11 2019 10:21:40 by "rejava" with MS VC++ 10.0 (VS2010)

time: Wed Mar 18 00:41:41 2020
timezone: 中国标准时间
elapsed time: 0 seconds (0d 0h 0m 0s)

